{"/home/dennis/microverse projects/cap1/src/modules/counter.js": {"path":"/home/dennis/microverse projects/cap1/src/modules/counter.js","statementMap":{"0":{"start":{"line":1,"column":20},"end":{"line":10,"column":3}},"1":{"start":{"line":2,"column":4},"end":{"line":2,"column":41}},"2":{"start":{"line":3,"column":4},"end":{"line":8,"column":5}},"3":{"start":{"line":4,"column":22},"end":{"line":4,"column":34}},"4":{"start":{"line":5,"column":6},"end":{"line":5,"column":29}},"5":{"start":{"line":6,"column":6},"end":{"line":6,"column":41}},"6":{"start":{"line":7,"column":6},"end":{"line":7,"column":21}},"7":{"start":{"line":9,"column":4},"end":{"line":9,"column":13}}},"fnMap":{"0":{"name":"(anonymous_0)","decl":{"start":{"line":1,"column":20},"end":{"line":1,"column":21}},"loc":{"start":{"line":1,"column":40},"end":{"line":10,"column":3}},"line":1}},"branchMap":{"0":{"loc":{"start":{"line":2,"column":12},"end":{"line":2,"column":40}},"type":"binary-expr","locations":[{"start":{"line":2,"column":12},"end":{"line":2,"column":31}},{"start":{"line":2,"column":35},"end":{"line":2,"column":40}}],"line":2},"1":{"loc":{"start":{"line":3,"column":4},"end":{"line":8,"column":5}},"type":"if","locations":[{"start":{"line":3,"column":4},"end":{"line":8,"column":5}},{"start":{},"end":{}}],"line":3}},"s":{"0":1,"1":2,"2":2,"3":2,"4":2,"5":2,"6":2,"7":0},"f":{"0":2},"b":{"0":[2,1],"1":[2,0]},"_coverageSchema":"1a1c01bbd47fc00a2c39e90264f33305004495a9","hash":"bf927ad7d20b2d49366fdeb4679a2a98cc01c3e5"}
,"/home/dennis/microverse projects/cap1/src/modules/__test__/mocks/api.js": {"path":"/home/dennis/microverse projects/cap1/src/modules/__test__/mocks/api.js","statementMap":{"0":{"start":{"line":1,"column":23},"end":{"line":22,"column":4}},"1":{"start":{"line":1,"column":30},"end":{"line":22,"column":3}},"2":{"start":{"line":24,"column":21},"end":{"line":33,"column":3}},"3":{"start":{"line":24,"column":27},"end":{"line":33,"column":3}}},"fnMap":{"0":{"name":"(anonymous_0)","decl":{"start":{"line":1,"column":23},"end":{"line":1,"column":24}},"loc":{"start":{"line":1,"column":30},"end":{"line":22,"column":3}},"line":1},"1":{"name":"(anonymous_1)","decl":{"start":{"line":24,"column":21},"end":{"line":24,"column":22}},"loc":{"start":{"line":24,"column":27},"end":{"line":33,"column":3}},"line":24}},"branchMap":{},"s":{"0":1,"1":1,"2":1,"3":1},"f":{"0":1,"1":1},"b":{},"_coverageSchema":"1a1c01bbd47fc00a2c39e90264f33305004495a9","hash":"e4a2ad9c111b2f6a58cd793a64c83d6a60223992"}
}
